  [1m[35m (10.4ms)[0m  [1m[35mCREATE TABLE "schema_migrations" ("version" character varying PRIMARY KEY)[0m
  [1m[35m (2.6ms)[0m  [1m[35mCREATE TABLE "ar_internal_metadata" ("key" character varying PRIMARY KEY, "value" character varying, "created_at" timestamp NOT NULL, "updated_at" timestamp NOT NULL)[0m
  [1m[35m (1.0ms)[0m  [1m[34mSELECT pg_try_advisory_lock(835884507726922920);[0m
  [1m[36mActiveRecord::SchemaMigration Load (0.4ms)[0m  [1m[34mSELECT "schema_migrations".* FROM "schema_migrations"[0m
  [1m[36mActiveRecord::InternalMetadata Load (0.3ms)[0m  [1m[34mSELECT  "ar_internal_metadata".* FROM "ar_internal_metadata" WHERE "ar_internal_metadata"."key" = $1 LIMIT $2[0m  [["key", "environment"], ["LIMIT", 1]]
  [1m[35m (0.1ms)[0m  [1m[35mBEGIN[0m
  [1m[35mSQL (1.2ms)[0m  [1m[32mINSERT INTO "ar_internal_metadata" ("key", "value", "created_at", "updated_at") VALUES ($1, $2, $3, $4) RETURNING "key"[0m  [["key", "environment"], ["value", "development"], ["created_at", "2017-10-02 07:19:57.139798"], ["updated_at", "2017-10-02 07:19:57.139798"]]
  [1m[35m (0.3ms)[0m  [1m[35mCOMMIT[0m
  [1m[35m (0.3ms)[0m  [1m[34mSELECT pg_advisory_unlock(835884507726922920)[0m
  [1m[36mActiveRecord::SchemaMigration Load (0.2ms)[0m  [1m[34mSELECT "schema_migrations".* FROM "schema_migrations"[0m
  [1m[35m (0.3ms)[0m  [1m[34mSELECT pg_try_advisory_lock(835884507726922920);[0m
  [1m[36mActiveRecord::SchemaMigration Load (0.5ms)[0m  [1m[34mSELECT "schema_migrations".* FROM "schema_migrations"[0m
Migrating to DeviseCreateUsers (20171002082643)
  [1m[35m (0.1ms)[0m  [1m[35mBEGIN[0m
  [1m[35m (14.1ms)[0m  [1m[35mCREATE TABLE "users" ("id" serial primary key, "email" character varying DEFAULT '' NOT NULL, "encrypted_password" character varying DEFAULT '' NOT NULL, "reset_password_token" character varying, "reset_password_sent_at" timestamp, "remember_created_at" timestamp, "sign_in_count" integer DEFAULT 0 NOT NULL, "current_sign_in_at" timestamp, "last_sign_in_at" timestamp, "current_sign_in_ip" inet, "last_sign_in_ip" inet, "created_at" timestamp NOT NULL, "updated_at" timestamp NOT NULL)[0m
  [1m[35m (2.3ms)[0m  [1m[35mCREATE UNIQUE INDEX  "index_users_on_email" ON "users"  ("email")[0m
  [1m[35m (1.1ms)[0m  [1m[35mCREATE UNIQUE INDEX  "index_users_on_reset_password_token" ON "users"  ("reset_password_token")[0m
  [1m[35mSQL (0.5ms)[0m  [1m[32mINSERT INTO "schema_migrations" ("version") VALUES ($1) RETURNING "version"[0m  [["version", "20171002082643"]]
  [1m[35m (1.4ms)[0m  [1m[35mCOMMIT[0m
  [1m[36mActiveRecord::InternalMetadata Load (1.5ms)[0m  [1m[34mSELECT  "ar_internal_metadata".* FROM "ar_internal_metadata" WHERE "ar_internal_metadata"."key" = $1 LIMIT $2[0m  [["key", "environment"], ["LIMIT", 1]]
  [1m[35m (0.2ms)[0m  [1m[35mBEGIN[0m
  [1m[35m (0.3ms)[0m  [1m[35mCOMMIT[0m
  [1m[35m (0.3ms)[0m  [1m[34mSELECT pg_advisory_unlock(835884507726922920)[0m
  [1m[36mActiveRecord::SchemaMigration Load (0.2ms)[0m  [1m[34mSELECT "schema_migrations".* FROM "schema_migrations"[0m
  [1m[36mActiveRecord::SchemaMigration Load (0.4ms)[0m  [1m[34mSELECT "schema_migrations".* FROM "schema_migrations"[0m
  [1m[35m (0.1ms)[0m  [1m[35mBEGIN[0m
  [1m[36mUser Exists (1.0ms)[0m  [1m[34mSELECT  1 AS one FROM "users" WHERE "users"."email" = $1 LIMIT $2[0m  [["email", "test@test.com"], ["LIMIT", 1]]
  [1m[35mSQL (1.0ms)[0m  [1m[32mINSERT INTO "users" ("email", "encrypted_password", "created_at", "updated_at") VALUES ($1, $2, $3, $4) RETURNING "id"[0m  [["email", "test@test.com"], ["encrypted_password", "$2a$11$JcW0Uu1S2APuO46jVXIFFewY5jylj2quXNSDWVVtS/Jk9Ta3y6Rq6"], ["created_at", "2017-10-02 08:27:36.741634"], ["updated_at", "2017-10-02 08:27:36.741634"]]
  [1m[35m (0.3ms)[0m  [1m[35mCOMMIT[0m
  [1m[35m (0.2ms)[0m  [1m[34mSELECT pg_try_advisory_lock(835884507726922920);[0m
  [1m[36mActiveRecord::SchemaMigration Load (0.4ms)[0m  [1m[34mSELECT "schema_migrations".* FROM "schema_migrations"[0m
  [1m[36mActiveRecord::InternalMetadata Load (0.4ms)[0m  [1m[34mSELECT  "ar_internal_metadata".* FROM "ar_internal_metadata" WHERE "ar_internal_metadata"."key" = $1 LIMIT $2[0m  [["key", "environment"], ["LIMIT", 1]]
  [1m[35m (0.1ms)[0m  [1m[35mBEGIN[0m
  [1m[35m (0.1ms)[0m  [1m[35mCOMMIT[0m
  [1m[35m (0.2ms)[0m  [1m[34mSELECT pg_advisory_unlock(835884507726922920)[0m
  [1m[36mActiveRecord::SchemaMigration Load (0.2ms)[0m  [1m[34mSELECT "schema_migrations".* FROM "schema_migrations"[0m
Started GET "/" for 127.0.0.1 at 2017-10-02 11:28:38 +0300
  [1m[36mActiveRecord::SchemaMigration Load (0.5ms)[0m  [1m[34mSELECT "schema_migrations".* FROM "schema_migrations"[0m
Processing by PagesController#checksum_generator as HTML
  Rendering pages/checksum_generator.html.haml within layouts/application
  Rendered pages/checksum_generator.html.haml within layouts/application (6.5ms)
Completed 200 OK in 5503ms (Views: 5493.0ms | ActiveRecord: 0.0ms)


Started GET "/" for 127.0.0.1 at 2017-10-02 11:29:57 +0300
Processing by PagesController#checksum_generator as HTML
Completed 401 Unauthorized in 9ms (ActiveRecord: 0.0ms)


Started GET "/users/sign_in" for 127.0.0.1 at 2017-10-02 11:29:58 +0300
Processing by Devise::SessionsController#new as HTML
  Rendering devise/sessions/new.html.erb within layouts/application
  Rendered devise/shared/_links.html.erb (1.2ms)
  Rendered devise/sessions/new.html.erb within layouts/application (19.9ms)
Completed 200 OK in 75ms (Views: 58.9ms | ActiveRecord: 7.0ms)


Started GET "/users/sign_in" for 127.0.0.1 at 2017-10-02 11:33:36 +0300
Processing by Devise::SessionsController#new as HTML
  Rendering devise/sessions/new.html.haml within layouts/application
  Rendered devise/shared/_links.html.haml (2.7ms)
  Rendered devise/sessions/new.html.haml within layouts/application (11.0ms)
Completed 200 OK in 50ms (Views: 48.7ms | ActiveRecord: 0.0ms)


Started GET "/users/sign_in" for 127.0.0.1 at 2017-10-02 11:35:12 +0300
Processing by Devise::SessionsController#new as HTML
  Rendering devise/sessions/new.html.haml within layouts/application
  Rendered devise/shared/_links.html.haml (2.0ms)
  Rendered devise/sessions/new.html.haml within layouts/application (9.0ms)
Completed 200 OK in 52ms (Views: 50.5ms | ActiveRecord: 0.0ms)


Started GET "/images/favicon.ico" for 127.0.0.1 at 2017-10-02 11:35:12 +0300
  
ActionController::RoutingError (No route matches [GET] "/images/favicon.ico"):
  
actionpack (5.0.6) lib/action_dispatch/middleware/debug_exceptions.rb:53:in `call'
web-console (3.5.1) lib/web_console/middleware.rb:135:in `call_app'
web-console (3.5.1) lib/web_console/middleware.rb:28:in `block in call'
web-console (3.5.1) lib/web_console/middleware.rb:18:in `catch'
web-console (3.5.1) lib/web_console/middleware.rb:18:in `call'
actionpack (5.0.6) lib/action_dispatch/middleware/show_exceptions.rb:31:in `call'
railties (5.0.6) lib/rails/rack/logger.rb:36:in `call_app'
railties (5.0.6) lib/rails/rack/logger.rb:24:in `block in call'
activesupport (5.0.6) lib/active_support/tagged_logging.rb:69:in `block in tagged'
activesupport (5.0.6) lib/active_support/tagged_logging.rb:26:in `tagged'
activesupport (5.0.6) lib/active_support/tagged_logging.rb:69:in `tagged'
railties (5.0.6) lib/rails/rack/logger.rb:24:in `call'
sprockets-rails (3.2.1) lib/sprockets/rails/quiet_assets.rb:13:in `call'
actionpack (5.0.6) lib/action_dispatch/middleware/request_id.rb:24:in `call'
rack (2.0.3) lib/rack/method_override.rb:22:in `call'
rack (2.0.3) lib/rack/runtime.rb:22:in `call'
activesupport (5.0.6) lib/active_support/cache/strategy/local_cache_middleware.rb:28:in `call'
actionpack (5.0.6) lib/action_dispatch/middleware/executor.rb:12:in `call'
actionpack (5.0.6) lib/action_dispatch/middleware/static.rb:136:in `call'
rack (2.0.3) lib/rack/sendfile.rb:111:in `call'
railties (5.0.6) lib/rails/engine.rb:522:in `call'
puma (3.10.0) lib/puma/configuration.rb:225:in `call'
puma (3.10.0) lib/puma/server.rb:605:in `handle_request'
puma (3.10.0) lib/puma/server.rb:437:in `process_client'
puma (3.10.0) lib/puma/server.rb:301:in `block in run'
puma (3.10.0) lib/puma/thread_pool.rb:120:in `block in spawn_thread'
  Rendering /Users/norbert/.rvm/gems/ruby-2.4.0@checksum-generator/gems/actionpack-5.0.6/lib/action_dispatch/middleware/templates/rescues/routing_error.html.erb within rescues/layout
  Rendering /Users/norbert/.rvm/gems/ruby-2.4.0@checksum-generator/gems/actionpack-5.0.6/lib/action_dispatch/middleware/templates/rescues/_trace.html.erb
  Rendered /Users/norbert/.rvm/gems/ruby-2.4.0@checksum-generator/gems/actionpack-5.0.6/lib/action_dispatch/middleware/templates/rescues/_trace.html.erb (2.0ms)
  Rendered collection of /Users/norbert/.rvm/gems/ruby-2.4.0@checksum-generator/gems/actionpack-5.0.6/lib/action_dispatch/middleware/templates/routes/_route.html.erb [16 times] (12.4ms)
  Rendered /Users/norbert/.rvm/gems/ruby-2.4.0@checksum-generator/gems/actionpack-5.0.6/lib/action_dispatch/middleware/templates/routes/_table.html.erb (2.3ms)
  Rendering /Users/norbert/.rvm/gems/ruby-2.4.0@checksum-generator/gems/actionpack-5.0.6/lib/action_dispatch/middleware/templates/rescues/_request_and_response.html.erb
  Rendered /Users/norbert/.rvm/gems/ruby-2.4.0@checksum-generator/gems/actionpack-5.0.6/lib/action_dispatch/middleware/templates/rescues/_request_and_response.html.erb (1.0ms)
  Rendered /Users/norbert/.rvm/gems/ruby-2.4.0@checksum-generator/gems/actionpack-5.0.6/lib/action_dispatch/middleware/templates/rescues/routing_error.html.erb within rescues/layout (117.0ms)
Started GET "/users/sign_up" for 127.0.0.1 at 2017-10-02 11:35:15 +0300
Processing by Devise::RegistrationsController#new as HTML
  Rendering devise/registrations/new.html.haml within layouts/application
  Rendered devise/shared/_links.html.haml (4.9ms)
  Rendered devise/registrations/new.html.haml within layouts/application (15.4ms)
Completed 200 OK in 64ms (Views: 62.8ms | ActiveRecord: 0.0ms)


Started GET "/users/sign_in" for 127.0.0.1 at 2017-10-02 11:35:16 +0300
Processing by Devise::SessionsController#new as HTML
  Rendering devise/sessions/new.html.haml within layouts/application
  Rendered devise/shared/_links.html.haml (4.2ms)
  Rendered devise/sessions/new.html.haml within layouts/application (10.2ms)
Completed 200 OK in 74ms (Views: 73.2ms | ActiveRecord: 0.0ms)


Started POST "/users/sign_in" for 127.0.0.1 at 2017-10-02 11:35:24 +0300
Processing by Devise::SessionsController#create as HTML
  Parameters: {"utf8"=>"✓", "authenticity_token"=>"Co20gGBke7zjBm2GVr9SOsUjwNQDjO2aaBlxnE0NSWMU1smI0HAx5mG4zCLwCUDes5+eaBKg5VS7pnXqudVLxw==", "user"=>{"email"=>"test@test.com", "password"=>"[FILTERED]"}, "commit"=>"Log in"}
  [1m[36mUser Load (2.5ms)[0m  [1m[34mSELECT  "users".* FROM "users" WHERE "users"."email" = $1 ORDER BY "users"."id" ASC LIMIT $2[0m  [["email", "test@test.com"], ["LIMIT", 1]]
  [1m[35m (0.2ms)[0m  [1m[35mBEGIN[0m
  [1m[35mSQL (1.4ms)[0m  [1m[33mUPDATE "users" SET "current_sign_in_at" = $1, "last_sign_in_at" = $2, "current_sign_in_ip" = $3, "last_sign_in_ip" = $4, "sign_in_count" = $5, "updated_at" = $6 WHERE "users"."id" = $7[0m  [["current_sign_in_at", "2017-10-02 08:35:24.963283"], ["last_sign_in_at", "2017-10-02 08:35:24.963283"], ["current_sign_in_ip", "127.0.0.1/32"], ["last_sign_in_ip", "127.0.0.1/32"], ["sign_in_count", 1], ["updated_at", "2017-10-02 08:35:24.964876"], ["id", 1]]
  [1m[35m (0.4ms)[0m  [1m[35mCOMMIT[0m
Redirected to http://localhost:3000/
Completed 302 Found in 177ms (ActiveRecord: 4.5ms)


Started GET "/" for 127.0.0.1 at 2017-10-02 11:35:24 +0300
Processing by PagesController#checksum_generator as HTML
  [1m[36mUser Load (1.3ms)[0m  [1m[34mSELECT  "users".* FROM "users" WHERE "users"."id" = $1 ORDER BY "users"."id" ASC LIMIT $2[0m  [["id", 1], ["LIMIT", 1]]
  Rendering pages/checksum_generator.html.haml within layouts/application
  Rendered pages/checksum_generator.html.haml within layouts/application (1.5ms)
Completed 200 OK in 42ms (Views: 37.1ms | ActiveRecord: 1.3ms)


Started GET "/" for 127.0.0.1 at 2017-10-02 11:39:10 +0300
Processing by PagesController#checksum_generator as HTML
  [1m[36mUser Load (1.7ms)[0m  [1m[34mSELECT  "users".* FROM "users" WHERE "users"."id" = $1 ORDER BY "users"."id" ASC LIMIT $2[0m  [["id", 1], ["LIMIT", 1]]
  Rendering pages/checksum_generator.html.haml within layouts/application
  Rendered pages/checksum_generator.html.haml within layouts/application (1.4ms)
  Rendered shared/_flash.html.haml (4.5ms)
  Rendered shared/_header.html.haml (5.2ms)
  Rendered shared/_footer.html.haml (2.3ms)
Completed 200 OK in 3526ms (Views: 3521.6ms | ActiveRecord: 1.7ms)


Started GET "/images/favicon.ico" for 127.0.0.1 at 2017-10-02 11:39:14 +0300
  
ActionController::RoutingError (No route matches [GET] "/images/favicon.ico"):
  
actionpack (5.0.6) lib/action_dispatch/middleware/debug_exceptions.rb:53:in `call'
web-console (3.5.1) lib/web_console/middleware.rb:135:in `call_app'
web-console (3.5.1) lib/web_console/middleware.rb:28:in `block in call'
web-console (3.5.1) lib/web_console/middleware.rb:18:in `catch'
web-console (3.5.1) lib/web_console/middleware.rb:18:in `call'
actionpack (5.0.6) lib/action_dispatch/middleware/show_exceptions.rb:31:in `call'
railties (5.0.6) lib/rails/rack/logger.rb:36:in `call_app'
railties (5.0.6) lib/rails/rack/logger.rb:24:in `block in call'
activesupport (5.0.6) lib/active_support/tagged_logging.rb:69:in `block in tagged'
activesupport (5.0.6) lib/active_support/tagged_logging.rb:26:in `tagged'
activesupport (5.0.6) lib/active_support/tagged_logging.rb:69:in `tagged'
railties (5.0.6) lib/rails/rack/logger.rb:24:in `call'
sprockets-rails (3.2.1) lib/sprockets/rails/quiet_assets.rb:13:in `call'
actionpack (5.0.6) lib/action_dispatch/middleware/request_id.rb:24:in `call'
rack (2.0.3) lib/rack/method_override.rb:22:in `call'
rack (2.0.3) lib/rack/runtime.rb:22:in `call'
activesupport (5.0.6) lib/active_support/cache/strategy/local_cache_middleware.rb:28:in `call'
actionpack (5.0.6) lib/action_dispatch/middleware/executor.rb:12:in `call'
actionpack (5.0.6) lib/action_dispatch/middleware/static.rb:136:in `call'
rack (2.0.3) lib/rack/sendfile.rb:111:in `call'
railties (5.0.6) lib/rails/engine.rb:522:in `call'
puma (3.10.0) lib/puma/configuration.rb:225:in `call'
puma (3.10.0) lib/puma/server.rb:605:in `handle_request'
puma (3.10.0) lib/puma/server.rb:437:in `process_client'
puma (3.10.0) lib/puma/server.rb:301:in `block in run'
puma (3.10.0) lib/puma/thread_pool.rb:120:in `block in spawn_thread'
  Rendering /Users/norbert/.rvm/gems/ruby-2.4.0@checksum-generator/gems/actionpack-5.0.6/lib/action_dispatch/middleware/templates/rescues/routing_error.html.erb within rescues/layout
  Rendering /Users/norbert/.rvm/gems/ruby-2.4.0@checksum-generator/gems/actionpack-5.0.6/lib/action_dispatch/middleware/templates/rescues/_trace.html.erb
  Rendered /Users/norbert/.rvm/gems/ruby-2.4.0@checksum-generator/gems/actionpack-5.0.6/lib/action_dispatch/middleware/templates/rescues/_trace.html.erb (1.3ms)
  Rendered collection of /Users/norbert/.rvm/gems/ruby-2.4.0@checksum-generator/gems/actionpack-5.0.6/lib/action_dispatch/middleware/templates/routes/_route.html.erb [16 times] (3.8ms)
  Rendered /Users/norbert/.rvm/gems/ruby-2.4.0@checksum-generator/gems/actionpack-5.0.6/lib/action_dispatch/middleware/templates/routes/_table.html.erb (1.9ms)
  Rendering /Users/norbert/.rvm/gems/ruby-2.4.0@checksum-generator/gems/actionpack-5.0.6/lib/action_dispatch/middleware/templates/rescues/_request_and_response.html.erb
  Rendered /Users/norbert/.rvm/gems/ruby-2.4.0@checksum-generator/gems/actionpack-5.0.6/lib/action_dispatch/middleware/templates/rescues/_request_and_response.html.erb (2.0ms)
  Rendered /Users/norbert/.rvm/gems/ruby-2.4.0@checksum-generator/gems/actionpack-5.0.6/lib/action_dispatch/middleware/templates/rescues/routing_error.html.erb within rescues/layout (98.2ms)
Started GET "/" for 127.0.0.1 at 2017-10-02 11:39:18 +0300
Processing by PagesController#checksum_generator as HTML
  [1m[36mUser Load (0.5ms)[0m  [1m[34mSELECT  "users".* FROM "users" WHERE "users"."id" = $1 ORDER BY "users"."id" ASC LIMIT $2[0m  [["id", 1], ["LIMIT", 1]]
  Rendering pages/checksum_generator.html.haml within layouts/application
  Rendered pages/checksum_generator.html.haml within layouts/application (2.2ms)
  Rendered shared/_flash.html.haml (6.1ms)
  Rendered shared/_header.html.haml (7.2ms)
  Rendered shared/_footer.html.haml (3.2ms)
Completed 200 OK in 82ms (Views: 77.8ms | ActiveRecord: 0.5ms)


Started GET "/" for 127.0.0.1 at 2017-10-02 11:39:21 +0300
Processing by PagesController#checksum_generator as HTML
  [1m[36mUser Load (2.0ms)[0m  [1m[34mSELECT  "users".* FROM "users" WHERE "users"."id" = $1 ORDER BY "users"."id" ASC LIMIT $2[0m  [["id", 1], ["LIMIT", 1]]
  Rendering pages/checksum_generator.html.haml within layouts/application
  Rendered pages/checksum_generator.html.haml within layouts/application (2.4ms)
  Rendered shared/_flash.html.haml (2.9ms)
  Rendered shared/_header.html.haml (3.3ms)
  Rendered shared/_footer.html.haml (1.6ms)
Completed 200 OK in 69ms (Views: 62.9ms | ActiveRecord: 2.0ms)


Started GET "/" for 127.0.0.1 at 2017-10-02 11:39:22 +0300
Processing by PagesController#checksum_generator as HTML
  [1m[36mUser Load (0.4ms)[0m  [1m[34mSELECT  "users".* FROM "users" WHERE "users"."id" = $1 ORDER BY "users"."id" ASC LIMIT $2[0m  [["id", 1], ["LIMIT", 1]]
  Rendering pages/checksum_generator.html.haml within layouts/application
  Rendered pages/checksum_generator.html.haml within layouts/application (1.4ms)
  Rendered shared/_flash.html.haml (3.6ms)
  Rendered shared/_header.html.haml (4.0ms)
  Rendered shared/_footer.html.haml (2.0ms)
Completed 200 OK in 60ms (Views: 56.2ms | ActiveRecord: 0.4ms)


Started GET "/" for 127.0.0.1 at 2017-10-02 11:39:23 +0300
Processing by PagesController#checksum_generator as HTML
  [1m[36mUser Load (1.5ms)[0m  [1m[34mSELECT  "users".* FROM "users" WHERE "users"."id" = $1 ORDER BY "users"."id" ASC LIMIT $2[0m  [["id", 1], ["LIMIT", 1]]
  Rendering pages/checksum_generator.html.haml within layouts/application
  Rendered pages/checksum_generator.html.haml within layouts/application (2.2ms)
  Rendered shared/_flash.html.haml (3.8ms)
  Rendered shared/_header.html.haml (4.1ms)
  Rendered shared/_footer.html.haml (2.0ms)
Completed 200 OK in 61ms (Views: 53.8ms | ActiveRecord: 1.5ms)


Started GET "/" for 127.0.0.1 at 2017-10-02 11:39:23 +0300
Processing by PagesController#checksum_generator as HTML
  [1m[36mUser Load (1.9ms)[0m  [1m[34mSELECT  "users".* FROM "users" WHERE "users"."id" = $1 ORDER BY "users"."id" ASC LIMIT $2[0m  [["id", 1], ["LIMIT", 1]]
  Rendering pages/checksum_generator.html.haml within layouts/application
  Rendered pages/checksum_generator.html.haml within layouts/application (3.6ms)
  Rendered shared/_flash.html.haml (3.7ms)
  Rendered shared/_header.html.haml (3.9ms)
  Rendered shared/_footer.html.haml (2.5ms)
Completed 200 OK in 65ms (Views: 57.4ms | ActiveRecord: 1.9ms)


Started GET "/" for 127.0.0.1 at 2017-10-02 11:39:23 +0300
Processing by PagesController#checksum_generator as HTML
  [1m[36mUser Load (0.4ms)[0m  [1m[34mSELECT  "users".* FROM "users" WHERE "users"."id" = $1 ORDER BY "users"."id" ASC LIMIT $2[0m  [["id", 1], ["LIMIT", 1]]
  Rendering pages/checksum_generator.html.haml within layouts/application
  Rendered pages/checksum_generator.html.haml within layouts/application (3.8ms)
  Rendered shared/_flash.html.haml (3.4ms)
  Rendered shared/_header.html.haml (4.1ms)
  Rendered shared/_footer.html.haml (1.9ms)
Completed 200 OK in 60ms (Views: 57.6ms | ActiveRecord: 0.4ms)


Started GET "/" for 127.0.0.1 at 2017-10-02 11:39:40 +0300
Processing by PagesController#checksum_generator as HTML
  [1m[36mUser Load (0.5ms)[0m  [1m[34mSELECT  "users".* FROM "users" WHERE "users"."id" = $1 ORDER BY "users"."id" ASC LIMIT $2[0m  [["id", 1], ["LIMIT", 1]]
  Rendering pages/checksum_generator.html.haml within layouts/application
  Rendered pages/checksum_generator.html.haml within layouts/application (2.4ms)
  Rendered shared/_flash.html.haml (5.6ms)
  Rendered shared/_header.html.haml (4.2ms)
  Rendered shared/_footer.html.haml (2.0ms)
Completed 200 OK in 61ms (Views: 57.3ms | ActiveRecord: 0.5ms)


Started GET "/" for 127.0.0.1 at 2017-10-02 11:41:15 +0300
  [1m[36mActiveRecord::SchemaMigration Load (0.5ms)[0m  [1m[34mSELECT "schema_migrations".* FROM "schema_migrations"[0m
Processing by PagesController#checksum_generator as HTML
  [1m[36mUser Load (0.9ms)[0m  [1m[34mSELECT  "users".* FROM "users" WHERE "users"."id" = $1 ORDER BY "users"."id" ASC LIMIT $2[0m  [["id", 1], ["LIMIT", 1]]
  Rendering pages/checksum_generator.html.haml within layouts/application
  Rendered pages/checksum_generator.html.haml within layouts/application (5.6ms)
  Rendered shared/_flash.html.haml (5.2ms)
  Rendered shared/_header.html.haml (4.8ms)
  Rendered shared/_footer.html.haml (2.4ms)
Completed 200 OK in 6877ms (Views: 6845.6ms | ActiveRecord: 5.5ms)


Started GET "/" for 127.0.0.1 at 2017-10-02 11:42:11 +0300
Processing by PagesController#checksum_generator as HTML
  [1m[36mUser Load (0.5ms)[0m  [1m[34mSELECT  "users".* FROM "users" WHERE "users"."id" = $1 ORDER BY "users"."id" ASC LIMIT $2[0m  [["id", 1], ["LIMIT", 1]]
  Rendering pages/checksum_generator.html.haml within layouts/application
  Rendered pages/checksum_generator.html.haml within layouts/application (2.4ms)
Completed 500 Internal Server Error in 44ms (ActiveRecord: 0.5ms)


  
ActionView::Template::Error (couldn't find file 'tether' with type 'application/javascript'
Checked in these paths: 
  /Users/norbert/.rvm/gems/ruby-2.4.0@checksum-generator/gems/babel-source-5.8.35/lib
  /Users/norbert/Personal Work/checksum-generator/app/assets/config
  /Users/norbert/Personal Work/checksum-generator/app/assets/images
  /Users/norbert/Personal Work/checksum-generator/app/assets/javascripts
  /Users/norbert/Personal Work/checksum-generator/app/assets/stylesheets
  /Users/norbert/Personal Work/checksum-generator/vendor/assets/javascripts
  /Users/norbert/Personal Work/checksum-generator/vendor/assets/stylesheets
  /Users/norbert/.rvm/gems/ruby-2.4.0@checksum-generator/bundler/gems/activeadmin-8c4c1782e03d/app/assets/images
  /Users/norbert/.rvm/gems/ruby-2.4.0@checksum-generator/bundler/gems/activeadmin-8c4c1782e03d/app/assets/javascripts
  /Users/norbert/.rvm/gems/ruby-2.4.0@checksum-generator/bundler/gems/activeadmin-8c4c1782e03d/app/assets/stylesheets
  /Users/norbert/.rvm/gems/ruby-2.4.0@checksum-generator/bundler/gems/activeadmin-8c4c1782e03d/vendor/assets/javascripts
  /Users/norbert/.rvm/gems/ruby-2.4.0@checksum-generator/bundler/gems/activeadmin-8c4c1782e03d/vendor/assets/stylesheets
  /Users/norbert/.rvm/gems/ruby-2.4.0@checksum-generator/gems/formtastic-3.1.5/app/assets/stylesheets
  /Users/norbert/.rvm/gems/ruby-2.4.0@checksum-generator/gems/jquery-rails-4.3.1/vendor/assets/javascripts
  /Users/norbert/.rvm/gems/ruby-2.4.0@checksum-generator/gems/coffee-rails-4.2.2/lib/assets/javascripts
  /Users/norbert/.rvm/gems/ruby-2.4.0@checksum-generator/gems/actioncable-5.0.6/lib/assets/compiled
  /Users/norbert/.rvm/gems/ruby-2.4.0@checksum-generator/gems/turbolinks-source-5.0.3/lib/assets/javascripts
  /Users/norbert/.rvm/gems/ruby-2.4.0@checksum-generator/gems/bootstrap-4.0.0.alpha6/assets/stylesheets
  /Users/norbert/.rvm/gems/ruby-2.4.0@checksum-generator/gems/bootstrap-4.0.0.alpha6/assets/javascripts):
    4:     %title Checksum Generator
    5:     = csrf_meta_tags
    6:     = stylesheet_link_tag    'application', media: 'all', 'data-turbolinks-track': 'reload'
    7:     = javascript_include_tag 'application', 'data-turbolinks-track': 'reload'
    8:     = favicon_link_tag 'favicon.ico'
    9:   %body{class: "#{params[:controller].gsub("/", "-")}"}
   10:     = render "shared/flash"
  
app/assets/javascripts/application.js:16
app/views/layouts/application.html.haml:7:in `_app_views_layouts_application_html_haml___679402318759048265_70298668425600'
  Rendering /Users/norbert/.rvm/gems/ruby-2.4.0@checksum-generator/gems/actionpack-5.0.6/lib/action_dispatch/middleware/templates/rescues/template_error.html.erb within rescues/layout
  Rendering /Users/norbert/.rvm/gems/ruby-2.4.0@checksum-generator/gems/actionpack-5.0.6/lib/action_dispatch/middleware/templates/rescues/_source.html.erb
  Rendered /Users/norbert/.rvm/gems/ruby-2.4.0@checksum-generator/gems/actionpack-5.0.6/lib/action_dispatch/middleware/templates/rescues/_source.html.erb (5.9ms)
  Rendering /Users/norbert/.rvm/gems/ruby-2.4.0@checksum-generator/gems/actionpack-5.0.6/lib/action_dispatch/middleware/templates/rescues/_trace.html.erb
  Rendered /Users/norbert/.rvm/gems/ruby-2.4.0@checksum-generator/gems/actionpack-5.0.6/lib/action_dispatch/middleware/templates/rescues/_trace.html.erb (3.3ms)
  Rendering /Users/norbert/.rvm/gems/ruby-2.4.0@checksum-generator/gems/actionpack-5.0.6/lib/action_dispatch/middleware/templates/rescues/_request_and_response.html.erb
  Rendered /Users/norbert/.rvm/gems/ruby-2.4.0@checksum-generator/gems/actionpack-5.0.6/lib/action_dispatch/middleware/templates/rescues/_request_and_response.html.erb (1.0ms)
  Rendered /Users/norbert/.rvm/gems/ruby-2.4.0@checksum-generator/gems/actionpack-5.0.6/lib/action_dispatch/middleware/templates/rescues/template_error.html.erb within rescues/layout (81.6ms)
Started GET "/" for 127.0.0.1 at 2017-10-02 11:43:29 +0300
  [1m[36mActiveRecord::SchemaMigration Load (0.5ms)[0m  [1m[34mSELECT "schema_migrations".* FROM "schema_migrations"[0m
Processing by PagesController#checksum_generator as HTML
  [1m[36mUser Load (0.9ms)[0m  [1m[34mSELECT  "users".* FROM "users" WHERE "users"."id" = $1 ORDER BY "users"."id" ASC LIMIT $2[0m  [["id", 1], ["LIMIT", 1]]
  Rendering pages/checksum_generator.html.haml within layouts/application
  Rendered pages/checksum_generator.html.haml within layouts/application (5.6ms)
Completed 500 Internal Server Error in 344ms (ActiveRecord: 5.6ms)


  
ActionView::Template::Error (couldn't find file 'tether' with type 'application/javascript'
Checked in these paths: 
  /Users/norbert/.rvm/gems/ruby-2.4.0@checksum-generator/gems/babel-source-5.8.35/lib
  /Users/norbert/Personal Work/checksum-generator/app/assets/config
  /Users/norbert/Personal Work/checksum-generator/app/assets/images
  /Users/norbert/Personal Work/checksum-generator/app/assets/javascripts
  /Users/norbert/Personal Work/checksum-generator/app/assets/stylesheets
  /Users/norbert/Personal Work/checksum-generator/vendor/assets/javascripts
  /Users/norbert/Personal Work/checksum-generator/vendor/assets/stylesheets
  /Users/norbert/.rvm/gems/ruby-2.4.0@checksum-generator/bundler/gems/activeadmin-8c4c1782e03d/app/assets/images
  /Users/norbert/.rvm/gems/ruby-2.4.0@checksum-generator/bundler/gems/activeadmin-8c4c1782e03d/app/assets/javascripts
  /Users/norbert/.rvm/gems/ruby-2.4.0@checksum-generator/bundler/gems/activeadmin-8c4c1782e03d/app/assets/stylesheets
  /Users/norbert/.rvm/gems/ruby-2.4.0@checksum-generator/bundler/gems/activeadmin-8c4c1782e03d/vendor/assets/javascripts
  /Users/norbert/.rvm/gems/ruby-2.4.0@checksum-generator/bundler/gems/activeadmin-8c4c1782e03d/vendor/assets/stylesheets
  /Users/norbert/.rvm/gems/ruby-2.4.0@checksum-generator/gems/formtastic-3.1.5/app/assets/stylesheets
  /Users/norbert/.rvm/gems/ruby-2.4.0@checksum-generator/gems/jquery-rails-4.3.1/vendor/assets/javascripts
  /Users/norbert/.rvm/gems/ruby-2.4.0@checksum-generator/gems/coffee-rails-4.2.2/lib/assets/javascripts
  /Users/norbert/.rvm/gems/ruby-2.4.0@checksum-generator/gems/actioncable-5.0.6/lib/assets/compiled
  /Users/norbert/.rvm/gems/ruby-2.4.0@checksum-generator/gems/turbolinks-source-5.0.3/lib/assets/javascripts
  /Users/norbert/.rvm/gems/ruby-2.4.0@checksum-generator/gems/bootstrap-4.0.0.alpha6/assets/stylesheets
  /Users/norbert/.rvm/gems/ruby-2.4.0@checksum-generator/gems/bootstrap-4.0.0.alpha6/assets/javascripts):
    3:   %head
    4:     %title Checksum Generator
    5:     = csrf_meta_tags
    6:     = stylesheet_link_tag    'application', media: 'all', 'data-turbolinks-track': 'reload'
    7:     = javascript_include_tag 'application', 'data-turbolinks-track': 'reload'
    8:     = favicon_link_tag 'favicon.ico'
    9:   %body{class: "#{params[:controller].gsub("/", "-")}"}
  
app/assets/javascripts/application.js:16
app/views/layouts/application.html.haml:6:in `_app_views_layouts_application_html_haml__484262487285683941_70177718851400'
  Rendering /Users/norbert/.rvm/gems/ruby-2.4.0@checksum-generator/gems/actionpack-5.0.6/lib/action_dispatch/middleware/templates/rescues/template_error.html.erb within rescues/layout
  Rendering /Users/norbert/.rvm/gems/ruby-2.4.0@checksum-generator/gems/actionpack-5.0.6/lib/action_dispatch/middleware/templates/rescues/_source.html.erb
  Rendered /Users/norbert/.rvm/gems/ruby-2.4.0@checksum-generator/gems/actionpack-5.0.6/lib/action_dispatch/middleware/templates/rescues/_source.html.erb (6.9ms)
  Rendering /Users/norbert/.rvm/gems/ruby-2.4.0@checksum-generator/gems/actionpack-5.0.6/lib/action_dispatch/middleware/templates/rescues/_trace.html.erb
  Rendered /Users/norbert/.rvm/gems/ruby-2.4.0@checksum-generator/gems/actionpack-5.0.6/lib/action_dispatch/middleware/templates/rescues/_trace.html.erb (2.1ms)
  Rendering /Users/norbert/.rvm/gems/ruby-2.4.0@checksum-generator/gems/actionpack-5.0.6/lib/action_dispatch/middleware/templates/rescues/_request_and_response.html.erb
  Rendered /Users/norbert/.rvm/gems/ruby-2.4.0@checksum-generator/gems/actionpack-5.0.6/lib/action_dispatch/middleware/templates/rescues/_request_and_response.html.erb (0.7ms)
  Rendered /Users/norbert/.rvm/gems/ruby-2.4.0@checksum-generator/gems/actionpack-5.0.6/lib/action_dispatch/middleware/templates/rescues/template_error.html.erb within rescues/layout (82.7ms)
Started GET "/" for 127.0.0.1 at 2017-10-02 11:43:31 +0300
Processing by PagesController#checksum_generator as HTML
  [1m[36mUser Load (0.5ms)[0m  [1m[34mSELECT  "users".* FROM "users" WHERE "users"."id" = $1 ORDER BY "users"."id" ASC LIMIT $2[0m  [["id", 1], ["LIMIT", 1]]
  Rendering pages/checksum_generator.html.haml within layouts/application
  Rendered pages/checksum_generator.html.haml within layouts/application (1.6ms)
Completed 500 Internal Server Error in 49ms (ActiveRecord: 0.5ms)


  
ActionView::Template::Error (couldn't find file 'tether' with type 'application/javascript'
Checked in these paths: 
  /Users/norbert/.rvm/gems/ruby-2.4.0@checksum-generator/gems/babel-source-5.8.35/lib
  /Users/norbert/Personal Work/checksum-generator/app/assets/config
  /Users/norbert/Personal Work/checksum-generator/app/assets/images
  /Users/norbert/Personal Work/checksum-generator/app/assets/javascripts
  /Users/norbert/Personal Work/checksum-generator/app/assets/stylesheets
  /Users/norbert/Personal Work/checksum-generator/vendor/assets/javascripts
  /Users/norbert/Personal Work/checksum-generator/vendor/assets/stylesheets
  /Users/norbert/.rvm/gems/ruby-2.4.0@checksum-generator/bundler/gems/activeadmin-8c4c1782e03d/app/assets/images
  /Users/norbert/.rvm/gems/ruby-2.4.0@checksum-generator/bundler/gems/activeadmin-8c4c1782e03d/app/assets/javascripts
  /Users/norbert/.rvm/gems/ruby-2.4.0@checksum-generator/bundler/gems/activeadmin-8c4c1782e03d/app/assets/stylesheets
  /Users/norbert/.rvm/gems/ruby-2.4.0@checksum-generator/bundler/gems/activeadmin-8c4c1782e03d/vendor/assets/javascripts
  /Users/norbert/.rvm/gems/ruby-2.4.0@checksum-generator/bundler/gems/activeadmin-8c4c1782e03d/vendor/assets/stylesheets
  /Users/norbert/.rvm/gems/ruby-2.4.0@checksum-generator/gems/formtastic-3.1.5/app/assets/stylesheets
  /Users/norbert/.rvm/gems/ruby-2.4.0@checksum-generator/gems/jquery-rails-4.3.1/vendor/assets/javascripts
  /Users/norbert/.rvm/gems/ruby-2.4.0@checksum-generator/gems/coffee-rails-4.2.2/lib/assets/javascripts
  /Users/norbert/.rvm/gems/ruby-2.4.0@checksum-generator/gems/actioncable-5.0.6/lib/assets/compiled
  /Users/norbert/.rvm/gems/ruby-2.4.0@checksum-generator/gems/turbolinks-source-5.0.3/lib/assets/javascripts
  /Users/norbert/.rvm/gems/ruby-2.4.0@checksum-generator/gems/bootstrap-4.0.0.alpha6/assets/stylesheets
  /Users/norbert/.rvm/gems/ruby-2.4.0@checksum-generator/gems/bootstrap-4.0.0.alpha6/assets/javascripts):
    3:   %head
    4:     %title Checksum Generator
    5:     = csrf_meta_tags
    6:     = stylesheet_link_tag    'application', media: 'all', 'data-turbolinks-track': 'reload'
    7:     = javascript_include_tag 'application', 'data-turbolinks-track': 'reload'
    8:     = favicon_link_tag 'favicon.ico'
    9:   %body{class: "#{params[:controller].gsub("/", "-")}"}
  
app/assets/javascripts/application.js:16
app/views/layouts/application.html.haml:6:in `_app_views_layouts_application_html_haml__484262487285683941_70177684597500'
  Rendering /Users/norbert/.rvm/gems/ruby-2.4.0@checksum-generator/gems/actionpack-5.0.6/lib/action_dispatch/middleware/templates/rescues/template_error.html.erb within rescues/layout
  Rendering /Users/norbert/.rvm/gems/ruby-2.4.0@checksum-generator/gems/actionpack-5.0.6/lib/action_dispatch/middleware/templates/rescues/_source.html.erb
  Rendered /Users/norbert/.rvm/gems/ruby-2.4.0@checksum-generator/gems/actionpack-5.0.6/lib/action_dispatch/middleware/templates/rescues/_source.html.erb (6.7ms)
  Rendering /Users/norbert/.rvm/gems/ruby-2.4.0@checksum-generator/gems/actionpack-5.0.6/lib/action_dispatch/middleware/templates/rescues/_trace.html.erb
  Rendered /Users/norbert/.rvm/gems/ruby-2.4.0@checksum-generator/gems/actionpack-5.0.6/lib/action_dispatch/middleware/templates/rescues/_trace.html.erb (2.7ms)
  Rendering /Users/norbert/.rvm/gems/ruby-2.4.0@checksum-generator/gems/actionpack-5.0.6/lib/action_dispatch/middleware/templates/rescues/_request_and_response.html.erb
  Rendered /Users/norbert/.rvm/gems/ruby-2.4.0@checksum-generator/gems/actionpack-5.0.6/lib/action_dispatch/middleware/templates/rescues/_request_and_response.html.erb (0.8ms)
  Rendered /Users/norbert/.rvm/gems/ruby-2.4.0@checksum-generator/gems/actionpack-5.0.6/lib/action_dispatch/middleware/templates/rescues/template_error.html.erb within rescues/layout (77.2ms)
Started GET "/" for 127.0.0.1 at 2017-10-02 11:44:49 +0300
  [1m[36mActiveRecord::SchemaMigration Load (0.5ms)[0m  [1m[34mSELECT "schema_migrations".* FROM "schema_migrations"[0m
Processing by PagesController#checksum_generator as HTML
  [1m[36mUser Load (1.0ms)[0m  [1m[34mSELECT  "users".* FROM "users" WHERE "users"."id" = $1 ORDER BY "users"."id" ASC LIMIT $2[0m  [["id", 1], ["LIMIT", 1]]
  Rendering pages/checksum_generator.html.haml within layouts/application
  Rendered pages/checksum_generator.html.haml within layouts/application (7.6ms)
  Rendered shared/_flash.html.haml (11.5ms)
  Rendered shared/_header.html.haml (8.9ms)
  Rendered shared/_footer.html.haml (3.7ms)
Completed 200 OK in 6122ms (Views: 6089.2ms | ActiveRecord: 6.0ms)


Started GET "/" for 127.0.0.1 at 2017-10-02 11:45:31 +0300
Processing by PagesController#checksum_generator as HTML
  [1m[36mUser Load (1.4ms)[0m  [1m[34mSELECT  "users".* FROM "users" WHERE "users"."id" = $1 ORDER BY "users"."id" ASC LIMIT $2[0m  [["id", 1], ["LIMIT", 1]]
  Rendering pages/checksum_generator.html.haml within layouts/application
  Rendered pages/checksum_generator.html.haml within layouts/application (6.0ms)
  Rendered shared/_flash.html.haml (7.5ms)
  Rendered shared/_header.html.haml (4.9ms)
  Rendered shared/_footer.html.haml (2.0ms)
Completed 200 OK in 530ms (Views: 524.7ms | ActiveRecord: 1.4ms)


Started GET "/" for 127.0.0.1 at 2017-10-02 11:46:58 +0300
Processing by PagesController#checksum_generator as HTML
  [1m[36mUser Load (1.7ms)[0m  [1m[34mSELECT  "users".* FROM "users" WHERE "users"."id" = $1 ORDER BY "users"."id" ASC LIMIT $2[0m  [["id", 1], ["LIMIT", 1]]
  Rendering pages/checksum_generator.html.haml within layouts/application
  Rendered pages/checksum_generator.html.haml within layouts/application (1.5ms)
  Rendered shared/_flash.html.haml (4.7ms)
  Rendered shared/_header.html.haml (4.6ms)
  Rendered shared/_footer.html.haml (2.4ms)
Completed 200 OK in 953ms (Views: 945.4ms | ActiveRecord: 1.7ms)


Started DELETE "/users/sign_out" for 127.0.0.1 at 2017-10-02 11:47:04 +0300
Processing by Devise::SessionsController#destroy as HTML
  Parameters: {"authenticity_token"=>"lhk99wHSXDFIwU/QOljYGE5br20wcpZ3LR8A9eSus+fs7i6xCRF/XT3k+nmhN2W+kk6PrjuK9c41rLwSqTJqNQ=="}
  [1m[36mUser Load (0.9ms)[0m  [1m[34mSELECT  "users".* FROM "users" WHERE "users"."id" = $1 ORDER BY "users"."id" ASC LIMIT $2[0m  [["id", 1], ["LIMIT", 1]]
  [1m[35m (0.2ms)[0m  [1m[35mBEGIN[0m
  [1m[35m (0.1ms)[0m  [1m[35mCOMMIT[0m
Redirected to http://localhost:3000/
Completed 302 Found in 100ms (ActiveRecord: 1.2ms)


Started GET "/" for 127.0.0.1 at 2017-10-02 11:47:04 +0300
Processing by PagesController#checksum_generator as HTML
Completed 401 Unauthorized in 4ms (ActiveRecord: 0.0ms)


Started GET "/users/sign_in" for 127.0.0.1 at 2017-10-02 11:47:04 +0300
Processing by Devise::SessionsController#new as HTML
  Rendering devise/sessions/new.html.haml within layouts/application
  Rendered devise/shared/_links.html.haml (2.4ms)
  Rendered devise/sessions/new.html.haml within layouts/application (12.3ms)
  Rendered shared/_flash.html.haml (4.1ms)
  Rendered shared/_header.html.haml (5.4ms)
  Rendered shared/_footer.html.haml (2.5ms)
Completed 200 OK in 78ms (Views: 75.3ms | ActiveRecord: 0.0ms)


Started GET "/users/sign_in" for 127.0.0.1 at 2017-10-02 11:49:04 +0300
Processing by Devise::SessionsController#new as HTML
  Rendering devise/sessions/new.html.haml within layouts/application
  Rendered devise/shared/_links.html.haml (2.2ms)
  Rendered devise/sessions/new.html.haml within layouts/application (10.3ms)
  Rendered shared/_flash.html.haml (3.4ms)
  Rendered shared/_header.html.haml (4.0ms)
  Rendered shared/_footer.html.haml (1.9ms)
Completed 200 OK in 87ms (Views: 78.3ms | ActiveRecord: 0.0ms)


Started GET "/users/sign_in" for 127.0.0.1 at 2017-10-02 11:50:02 +0300
Processing by Devise::SessionsController#new as HTML
  Rendering devise/sessions/new.html.haml within layouts/application
  Rendered devise/shared/_links.html.haml (2.1ms)
  Rendered devise/sessions/new.html.haml within layouts/application (8.4ms)
  Rendered shared/_flash.html.haml (6.7ms)
  Rendered shared/_header.html.haml (4.5ms)
  Rendered shared/_footer.html.haml (2.4ms)
Completed 200 OK in 1022ms (Views: 1021.3ms | ActiveRecord: 0.0ms)


Started GET "/users/sign_in" for 127.0.0.1 at 2017-10-02 11:50:08 +0300
Processing by Devise::SessionsController#new as HTML
  Rendering devise/sessions/new.html.haml within layouts/application
  Rendered devise/shared/_links.html.haml (2.3ms)
  Rendered devise/sessions/new.html.haml within layouts/application (11.1ms)
  Rendered shared/_flash.html.haml (6.9ms)
  Rendered shared/_header.html.haml (4.7ms)
  Rendered shared/_footer.html.haml (2.3ms)
Completed 200 OK in 80ms (Views: 78.3ms | ActiveRecord: 0.0ms)


Started GET "/users/sign_in" for 127.0.0.1 at 2017-10-02 11:50:38 +0300
Processing by Devise::SessionsController#new as HTML
  Rendering devise/sessions/new.html.haml within layouts/application
  Rendered devise/shared/_links.html.haml (3.9ms)
  Rendered devise/sessions/new.html.haml within layouts/application (15.7ms)
  Rendered shared/_flash.html.haml (4.5ms)
  Rendered shared/_header.html.haml (4.9ms)
  Rendered shared/_footer.html.haml (2.4ms)
Completed 200 OK in 103ms (Views: 101.3ms | ActiveRecord: 0.0ms)


Started GET "/users/sign_in" for 127.0.0.1 at 2017-10-02 11:50:40 +0300
Processing by Devise::SessionsController#new as HTML
  Rendering devise/sessions/new.html.haml within layouts/application
  Rendered devise/shared/_links.html.haml (5.5ms)
  Rendered devise/sessions/new.html.haml within layouts/application (32.8ms)
  Rendered shared/_flash.html.haml (3.7ms)
  Rendered shared/_header.html.haml (11.0ms)
  Rendered shared/_footer.html.haml (1.9ms)
Completed 200 OK in 158ms (Views: 157.3ms | ActiveRecord: 0.0ms)


Started GET "/users/sign_in" for 127.0.0.1 at 2017-10-02 11:50:41 +0300
Processing by Devise::SessionsController#new as HTML
  Rendering devise/sessions/new.html.haml within layouts/application
  Rendered devise/shared/_links.html.haml (6.9ms)
  Rendered devise/sessions/new.html.haml within layouts/application (22.3ms)
  Rendered shared/_flash.html.haml (8.2ms)
  Rendered shared/_header.html.haml (10.7ms)
  Rendered shared/_footer.html.haml (3.4ms)
Completed 200 OK in 150ms (Views: 148.8ms | ActiveRecord: 0.0ms)


Started GET "/users/sign_in" for 127.0.0.1 at 2017-10-02 11:50:42 +0300
Processing by Devise::SessionsController#new as HTML
  Rendering devise/sessions/new.html.haml within layouts/application
  Rendered devise/shared/_links.html.haml (6.1ms)
  Rendered devise/sessions/new.html.haml within layouts/application (21.0ms)
  Rendered shared/_flash.html.haml (6.8ms)
  Rendered shared/_header.html.haml (4.6ms)
  Rendered shared/_footer.html.haml (4.3ms)
Completed 200 OK in 159ms (Views: 157.0ms | ActiveRecord: 0.0ms)


Started GET "/users/sign_in" for 127.0.0.1 at 2017-10-02 11:52:08 +0300
Processing by Devise::SessionsController#new as HTML
  Rendering devise/sessions/new.html.haml within layouts/application
  Rendered devise/shared/_links.html.haml (3.0ms)
  Rendered devise/sessions/new.html.haml within layouts/application (10.2ms)
  Rendered shared/_flash.html.haml (5.9ms)
  Rendered shared/_header.html.haml (5.4ms)
  Rendered shared/_footer.html.haml (2.6ms)
Completed 200 OK in 1045ms (Views: 1042.1ms | ActiveRecord: 0.0ms)


Started GET "/users/sign_in" for 127.0.0.1 at 2017-10-02 11:52:11 +0300
Processing by Devise::SessionsController#new as HTML
  Rendering devise/sessions/new.html.haml within layouts/application
  Rendered devise/shared/_links.html.haml (4.5ms)
  Rendered devise/sessions/new.html.haml within layouts/application (12.8ms)
  Rendered shared/_flash.html.haml (6.9ms)
  Rendered shared/_header.html.haml (4.5ms)
  Rendered shared/_footer.html.haml (2.2ms)
Completed 200 OK in 95ms (Views: 92.9ms | ActiveRecord: 0.0ms)


Started GET "/users/sign_in" for 127.0.0.1 at 2017-10-02 11:52:12 +0300
Processing by Devise::SessionsController#new as HTML
  Rendering devise/sessions/new.html.haml within layouts/application
  Rendered devise/shared/_links.html.haml (5.0ms)
  Rendered devise/sessions/new.html.haml within layouts/application (16.0ms)
  Rendered shared/_flash.html.haml (4.2ms)
  Rendered shared/_header.html.haml (7.7ms)
  Rendered shared/_footer.html.haml (1.9ms)
Completed 200 OK in 131ms (Views: 130.0ms | ActiveRecord: 0.0ms)


Started GET "/users/sign_up" for 127.0.0.1 at 2017-10-02 11:53:08 +0300
Processing by Devise::RegistrationsController#new as HTML
  Rendering devise/registrations/new.html.haml within layouts/application
  Rendered devise/shared/_links.html.haml (2.1ms)
  Rendered devise/registrations/new.html.haml within layouts/application (11.6ms)
  Rendered shared/_flash.html.haml (7.6ms)
  Rendered shared/_header.html.haml (9.8ms)
  Rendered shared/_footer.html.haml (2.0ms)
Completed 200 OK in 122ms (Views: 120.7ms | ActiveRecord: 0.0ms)


Started GET "/users/sign_up" for 127.0.0.1 at 2017-10-02 11:53:32 +0300
Processing by Devise::RegistrationsController#new as HTML
  Rendering devise/registrations/new.html.haml within layouts/application
  Rendered devise/shared/_links.html.haml (4.9ms)
  Rendered devise/registrations/new.html.haml within layouts/application (12.2ms)
  Rendered shared/_flash.html.haml (3.6ms)
  Rendered shared/_header.html.haml (4.0ms)
  Rendered shared/_footer.html.haml (1.8ms)
Completed 200 OK in 80ms (Views: 78.0ms | ActiveRecord: 0.0ms)


Started GET "/images/favicon.ico" for 127.0.0.1 at 2017-10-02 11:53:33 +0300
  
ActionController::RoutingError (No route matches [GET] "/images/favicon.ico"):
  
actionpack (5.0.6) lib/action_dispatch/middleware/debug_exceptions.rb:53:in `call'
web-console (3.5.1) lib/web_console/middleware.rb:135:in `call_app'
web-console (3.5.1) lib/web_console/middleware.rb:28:in `block in call'
web-console (3.5.1) lib/web_console/middleware.rb:18:in `catch'
web-console (3.5.1) lib/web_console/middleware.rb:18:in `call'
actionpack (5.0.6) lib/action_dispatch/middleware/show_exceptions.rb:31:in `call'
railties (5.0.6) lib/rails/rack/logger.rb:36:in `call_app'
railties (5.0.6) lib/rails/rack/logger.rb:24:in `block in call'
activesupport (5.0.6) lib/active_support/tagged_logging.rb:69:in `block in tagged'
activesupport (5.0.6) lib/active_support/tagged_logging.rb:26:in `tagged'
activesupport (5.0.6) lib/active_support/tagged_logging.rb:69:in `tagged'
railties (5.0.6) lib/rails/rack/logger.rb:24:in `call'
sprockets-rails (3.2.1) lib/sprockets/rails/quiet_assets.rb:13:in `call'
actionpack (5.0.6) lib/action_dispatch/middleware/request_id.rb:24:in `call'
rack (2.0.3) lib/rack/method_override.rb:22:in `call'
rack (2.0.3) lib/rack/runtime.rb:22:in `call'
activesupport (5.0.6) lib/active_support/cache/strategy/local_cache_middleware.rb:28:in `call'
actionpack (5.0.6) lib/action_dispatch/middleware/executor.rb:12:in `call'
actionpack (5.0.6) lib/action_dispatch/middleware/static.rb:136:in `call'
rack (2.0.3) lib/rack/sendfile.rb:111:in `call'
railties (5.0.6) lib/rails/engine.rb:522:in `call'
puma (3.10.0) lib/puma/configuration.rb:225:in `call'
puma (3.10.0) lib/puma/server.rb:605:in `handle_request'
puma (3.10.0) lib/puma/server.rb:437:in `process_client'
puma (3.10.0) lib/puma/server.rb:301:in `block in run'
puma (3.10.0) lib/puma/thread_pool.rb:120:in `block in spawn_thread'
  Rendering /Users/norbert/.rvm/gems/ruby-2.4.0@checksum-generator/gems/actionpack-5.0.6/lib/action_dispatch/middleware/templates/rescues/routing_error.html.erb within rescues/layout
  Rendering /Users/norbert/.rvm/gems/ruby-2.4.0@checksum-generator/gems/actionpack-5.0.6/lib/action_dispatch/middleware/templates/rescues/_trace.html.erb
  Rendered /Users/norbert/.rvm/gems/ruby-2.4.0@checksum-generator/gems/actionpack-5.0.6/lib/action_dispatch/middleware/templates/rescues/_trace.html.erb (1.4ms)
  Rendered collection of /Users/norbert/.rvm/gems/ruby-2.4.0@checksum-generator/gems/actionpack-5.0.6/lib/action_dispatch/middleware/templates/routes/_route.html.erb [16 times] (4.8ms)
  Rendered /Users/norbert/.rvm/gems/ruby-2.4.0@checksum-generator/gems/actionpack-5.0.6/lib/action_dispatch/middleware/templates/routes/_table.html.erb (3.2ms)
  Rendering /Users/norbert/.rvm/gems/ruby-2.4.0@checksum-generator/gems/actionpack-5.0.6/lib/action_dispatch/middleware/templates/rescues/_request_and_response.html.erb
  Rendered /Users/norbert/.rvm/gems/ruby-2.4.0@checksum-generator/gems/actionpack-5.0.6/lib/action_dispatch/middleware/templates/rescues/_request_and_response.html.erb (1.0ms)
  Rendered /Users/norbert/.rvm/gems/ruby-2.4.0@checksum-generator/gems/actionpack-5.0.6/lib/action_dispatch/middleware/templates/rescues/routing_error.html.erb within rescues/layout (113.3ms)
Started GET "/" for 127.0.0.1 at 2017-10-02 11:53:35 +0300
Processing by PagesController#checksum_generator as HTML
Completed 401 Unauthorized in 1ms (ActiveRecord: 0.0ms)


Started GET "/users/sign_in" for 127.0.0.1 at 2017-10-02 11:53:35 +0300
Processing by Devise::SessionsController#new as HTML
  Rendering devise/sessions/new.html.haml within layouts/application
  Rendered devise/shared/_links.html.haml (3.8ms)
  Rendered devise/sessions/new.html.haml within layouts/application (9.4ms)
  Rendered shared/_flash.html.haml (3.7ms)
  Rendered shared/_header.html.haml (4.1ms)
  Rendered shared/_footer.html.haml (3.5ms)
Completed 200 OK in 76ms (Views: 75.3ms | ActiveRecord: 0.0ms)


Started POST "/users/sign_in" for 127.0.0.1 at 2017-10-02 11:53:47 +0300
Processing by Devise::SessionsController#create as HTML
  Parameters: {"utf8"=>"✓", "authenticity_token"=>"1QVe5zuteTyjf7f57I80iz6YGZ0Dgb8GOqo7qDutHV+y1fhVG+TL1YCSWm5o/E22mCHHxHjuNIHSqAVlCF9hmg==", "user"=>{"email"=>"test@test.com", "password"=>"[FILTERED]"}, "commit"=>"Log in"}
  [1m[36mUser Load (0.9ms)[0m  [1m[34mSELECT  "users".* FROM "users" WHERE "users"."email" = $1 ORDER BY "users"."id" ASC LIMIT $2[0m  [["email", "test@test.com"], ["LIMIT", 1]]
  [1m[35m (0.2ms)[0m  [1m[35mBEGIN[0m
  [1m[35mSQL (0.6ms)[0m  [1m[33mUPDATE "users" SET "current_sign_in_at" = $1, "sign_in_count" = $2, "updated_at" = $3 WHERE "users"."id" = $4[0m  [["current_sign_in_at", "2017-10-02 08:53:47.544575"], ["sign_in_count", 2], ["updated_at", "2017-10-02 08:53:47.545807"], ["id", 1]]
  [1m[35m (1.9ms)[0m  [1m[35mCOMMIT[0m
Redirected to http://localhost:3000/
Completed 302 Found in 205ms (ActiveRecord: 3.5ms)


Started GET "/" for 127.0.0.1 at 2017-10-02 11:53:47 +0300
Processing by PagesController#checksum_generator as HTML
  [1m[36mUser Load (0.5ms)[0m  [1m[34mSELECT  "users".* FROM "users" WHERE "users"."id" = $1 ORDER BY "users"."id" ASC LIMIT $2[0m  [["id", 1], ["LIMIT", 1]]
  Rendering pages/checksum_generator.html.haml within layouts/application
  Rendered pages/checksum_generator.html.haml within layouts/application (1.6ms)
  Rendered shared/_flash.html.haml (4.7ms)
  Rendered shared/_header.html.haml (4.3ms)
  Rendered shared/_footer.html.haml (2.4ms)
Completed 200 OK in 65ms (Views: 61.2ms | ActiveRecord: 0.5ms)


Started GET "/users/edit" for 127.0.0.1 at 2017-10-02 11:53:56 +0300
Processing by Devise::RegistrationsController#edit as HTML
  [1m[36mUser Load (2.0ms)[0m  [1m[34mSELECT  "users".* FROM "users" WHERE "users"."id" = $1 ORDER BY "users"."id" ASC LIMIT $2[0m  [["id", 1], ["LIMIT", 1]]
  Rendering devise/registrations/edit.html.haml within layouts/application
  Rendered devise/registrations/edit.html.haml within layouts/application (18.2ms)
  Rendered shared/_flash.html.haml (3.5ms)
  Rendered shared/_header.html.haml (3.9ms)
  Rendered shared/_footer.html.haml (1.8ms)
Completed 200 OK in 83ms (Views: 78.7ms | ActiveRecord: 2.0ms)


Started PUT "/users" for 127.0.0.1 at 2017-10-02 11:54:01 +0300
Processing by Devise::RegistrationsController#update as HTML
  Parameters: {"utf8"=>"✓", "authenticity_token"=>"UZ93/btrqAKii5dQ27BCBMH8NJ6iJWisgqDUZxHo2XHs5v5uuZv3CxVuQ6ehW6T6jM1Hx8q3WDcWfhFE3D4FnA==", "user"=>{"email"=>"test@test.com", "password"=>"[FILTERED]", "password_confirmation"=>"[FILTERED]", "current_password"=>"[FILTERED]"}, "commit"=>"Update"}
  [1m[36mUser Load (2.0ms)[0m  [1m[34mSELECT  "users".* FROM "users" WHERE "users"."id" = $1 ORDER BY "users"."id" ASC LIMIT $2[0m  [["id", 1], ["LIMIT", 1]]
  [1m[36mUser Load (0.5ms)[0m  [1m[34mSELECT  "users".* FROM "users" WHERE "users"."id" = $1 LIMIT $2[0m  [["id", 1], ["LIMIT", 1]]
  Rendering devise/registrations/edit.html.haml within layouts/application
  Rendered devise/registrations/edit.html.haml within layouts/application (5.6ms)
  Rendered shared/_flash.html.haml (6.4ms)
  Rendered shared/_header.html.haml (5.5ms)
  Rendered shared/_footer.html.haml (2.0ms)
Completed 200 OK in 232ms (Views: 73.2ms | ActiveRecord: 2.8ms)


Started GET "/" for 127.0.0.1 at 2017-10-02 11:54:06 +0300
Processing by PagesController#checksum_generator as HTML
  [1m[36mUser Load (1.2ms)[0m  [1m[34mSELECT  "users".* FROM "users" WHERE "users"."id" = $1 ORDER BY "users"."id" ASC LIMIT $2[0m  [["id", 1], ["LIMIT", 1]]
  Rendering pages/checksum_generator.html.haml within layouts/application
  Rendered pages/checksum_generator.html.haml within layouts/application (2.5ms)
  Rendered shared/_flash.html.haml (3.8ms)
  Rendered shared/_header.html.haml (4.1ms)
  Rendered shared/_footer.html.haml (1.8ms)
Completed 200 OK in 62ms (Views: 57.6ms | ActiveRecord: 1.2ms)


